[2012-12-05 12:19:32] Codeception\TestCase\Cest::saveTest.INFO: execute method "UfoCacheFs","save","some test data" [] []
[2012-12-05 12:19:32] Codeception\TestCase\Cest::saveTest.INFO: PASSED [] []
[2012-12-05 12:19:32] Codeception\TestCase\Cest::saveLargeData.INFO: execute method "UfoCacheFs","save",null [] []
[2012-12-05 12:19:32] Codeception\TestCase\Cest::saveLargeData.INFO: PASSED [] []
[2012-12-05 12:19:32] Codeception\TestCase\Cest::saveComplexHash.INFO: execute method "UfoCacheFs","save","some test data" [] []
[2012-12-05 12:19:32] Codeception\TestCase\Cest::saveComplexHash.INFO: PASSED [] []
[2012-12-05 12:19:32] Codeception\TestCase\Cest::loadTest.INFO: execute method "UfoCacheFs","load" [] []
[2012-12-05 12:19:32] Codeception\TestCase\Cest::loadTest.INFO: PASSED [] []
[2012-12-05 12:19:32] Codeception\TestCase\Cest::loadLargeData.INFO: execute method "UfoCacheFs","load" [] []
[2012-12-05 12:19:32] Codeception\TestCase\Cest::loadLargeData.INFO: PASSED [] []
[2012-12-05 12:19:32] Codeception\TestCase\Cest::loadComplexHash.INFO: execute method "UfoCacheFs","load" [] []
[2012-12-05 12:19:32] Codeception\TestCase\Cest::loadComplexHash.INFO: PASSED [] []
[2012-12-05 12:19:32] Codeception\TestCase\Cest::compareLoadWithSave.INFO: see method returns "UfoCacheFs","load","some test data" [] []
[2012-12-05 12:19:32] Codeception\TestCase\Cest::compareLoadWithSave.INFO: PASSED [] []
[2012-12-05 12:19:32] Codeception\TestCase\Cest::loadNonExisting.INFO: execute method "UfoCacheFs","load" [] []
[2012-12-05 12:19:32] Codeception\TestCase\Cest::loadNonExisting.INFO: see method returns "UfoCacheFs","load","" [] []
[2012-12-05 12:19:32] Codeception\TestCase\Cest::loadNonExisting.INFO: PASSED [] []
[2012-12-05 12:19:32] Codeception\TestCase\Cest::loadClass.INFO: execute method "UfoCore","loadClass","UfoCacheFs" [] []
[2012-12-05 12:19:32] Codeception\TestCase\Cest::loadClass.INFO: execute "lambda function" [] []
[2012-12-05 12:19:32] Codeception\TestCase\Cest::loadClass.INFO: see result equals "1" [] []
[2012-12-05 12:19:32] Codeception\TestCase\Cest::loadClass.INFO: PASSED [] []
[2012-12-05 12:19:32] Codeception\TestCase\Cest::loadModule.INFO: execute method "UfoCore","loadModule","UfoModDocuments" [] []
[2012-12-05 12:19:33] Codeception\TestCase\Cest::loadModule.INFO: execute "lambda function" [] []
[2012-12-05 12:19:33] Codeception\TestCase\Cest::loadModule.INFO: see result equals "1" [] []
[2012-12-05 12:19:33] Codeception\TestCase\Cest::loadModule.INFO: PASSED [] []
[2012-12-05 12:19:33] Codeception\TestCase\Cest::initPhp.INFO: execute method "UfoCore","initPhp" [] []
[2012-12-05 12:19:33] Codeception\TestCase\Cest::initPhp.INFO: PASSED [] []
[2012-12-05 12:19:33] Codeception\TestCase\Cest::setPathRaw.INFO: execute method "UfoCore","setPathRaw" [] []
[2012-12-05 12:19:33] Codeception\TestCase\Cest::setPathRaw.INFO: PASSED [] []
[2012-12-05 12:19:33] Codeception\TestCase\Cest::tryCache.INFO: execute method "UfoCore","tryCache" [] []
[2012-12-05 12:19:33] Codeception\TestCase\Cest::tryCache.INFO: see method returns "UfoCore","tryCache",false [] []
[2012-12-05 12:19:33] Codeception\TestCase\Cest::tryCache.INFO: PASSED [] []
[2012-12-05 12:19:33] Codeception\TestCase\Cest::initSite.INFO: execute method "UfoCore","initSite" [] []
[2012-12-05 12:19:34] Codeception\TestCase\Cest::initSite.INFO: PASSED [] []
[2012-12-05 12:19:34] Codeception\TestCase\Cest::initSection.INFO: execute method "UfoCore","initSection" [] []
[2012-12-05 12:19:34] Codeception\TestCase\Cest::initSection.ALERT: 2 Missing argument 1 for UfoSection::getModuleName(), called in G:\Projects\@pl\!ufo\_git_\ufocms\classes\UfoSection.php on line 112 and defined [] []
[2012-12-05 12:19:34] Codeception\TestCase\Cest::initSection.INFO: # ERROR # [] []
[2012-12-05 12:19:34] Codeception\TestCase\Cest::initSection.INFO: PASSED [] []
[2012-12-05 12:19:34] Codeception\TestCase\Cest::generatePage.INFO: execute method "UfoCore","generatePage" [] []
[2012-12-05 12:22:13] Codeception\TestCase\Cest::createObject.INFO: execute "lambda function" [] []
[2012-12-05 12:22:13] Codeception\TestCase\Cest::createObject.INFO: see result equals "1" [] []
[2012-12-05 12:22:13] Codeception\TestCase\Cest::createObject.ALERT: in 
Failed asserting that false matches expected true. [] []
[2012-12-05 12:22:13] Codeception\TestCase\Cest::createObject.INFO: # FAILED # [] []
[2012-12-05 12:22:13] Codeception\TestCase\Cest::createObject.INFO: PASSED [] []
[2012-12-05 12:22:13] Codeception\TestCase\Cest::createObject.ALERT: 2 Missing argument 1 for UfoSection::getModuleName(), called in G:\Projects\@pl\!ufo\_git_\ufocms\classes\UfoSection.php on line 112 and defined [] []
[2012-12-05 12:22:13] Codeception\TestCase\Cest::createObject.INFO: # ERROR # [] []
[2012-12-05 12:22:13] Codeception\TestCase\Cest::createObject.INFO: PASSED [] []
[2012-12-05 12:22:13] Codeception\TestCase\Cest::getModule.INFO: execute "lambda function" [] []
[2012-12-05 12:22:14] Codeception\TestCase\Cest::getModule.ALERT: 2 Missing argument 1 for UfoSection::getModuleName(), called in G:\Projects\@pl\!ufo\_git_\ufocms\classes\UfoSection.php on line 112 and defined [] []
[2012-12-05 12:22:14] Codeception\TestCase\Cest::getModule.INFO: # ERROR # [] []
[2012-12-05 12:22:14] Codeception\TestCase\Cest::getModule.INFO: PASSED [] []
[2012-12-05 12:22:14] Codeception\TestCase\Cest::getPage.INFO: execute "lambda function" [] []
[2012-12-05 12:22:14] Codeception\TestCase\Cest::getPage.ALERT: 2 Missing argument 1 for UfoSection::getModuleName(), called in G:\Projects\@pl\!ufo\_git_\ufocms\classes\UfoSection.php on line 112 and defined [] []
[2012-12-05 12:22:14] Codeception\TestCase\Cest::getPage.INFO: # ERROR # [] []
[2012-12-05 12:22:14] Codeception\TestCase\Cest::getPage.INFO: PASSED [] []
[2012-12-05 12:22:14] Codeception\TestCase\Cest::getPage.ALERT: 2 Missing argument 1 for UfoSection::getModuleName(), called in G:\Projects\@pl\!ufo\_git_\ufocms\classes\UfoSection.php on line 112 and defined [] []
[2012-12-05 12:22:14] Codeception\TestCase\Cest::getPage.INFO: # ERROR # [] []
[2012-12-05 12:22:14] Codeception\TestCase\Cest::getPage.INFO: PASSED [] []
[2012-12-05 12:22:14] Codeception\TestCase\Cest::getFields.INFO: execute "lambda function" [] []
[2012-12-05 12:22:14] Codeception\TestCase\Cest::getFields.ALERT: 2 Missing argument 1 for UfoSection::getModuleName(), called in G:\Projects\@pl\!ufo\_git_\ufocms\classes\UfoSection.php on line 112 and defined [] []
[2012-12-05 12:22:14] Codeception\TestCase\Cest::getFields.INFO: # ERROR # [] []
[2012-12-05 12:22:14] Codeception\TestCase\Cest::getFields.INFO: PASSED [] []
[2012-12-05 12:22:14] Codeception\TestCase\Cest::getFields.ALERT: 2 Missing argument 1 for UfoSection::getModuleName(), called in G:\Projects\@pl\!ufo\_git_\ufocms\classes\UfoSection.php on line 112 and defined [] []
[2012-12-05 12:22:14] Codeception\TestCase\Cest::getFields.INFO: # ERROR # [] []
[2012-12-05 12:22:14] Codeception\TestCase\Cest::getFields.INFO: PASSED [] []
[2012-12-05 12:22:14] Codeception\TestCase\Cest::getParentArray.INFO: execute "lambda function" [] []
[2012-12-05 12:22:14] Codeception\TestCase\Cest::getParentArray.ALERT: 2 Missing argument 1 for UfoSection::getModuleName(), called in G:\Projects\@pl\!ufo\_git_\ufocms\classes\UfoSection.php on line 112 and defined [] []
[2012-12-05 12:22:14] Codeception\TestCase\Cest::getParentArray.INFO: # ERROR # [] []
[2012-12-05 12:22:14] Codeception\TestCase\Cest::getParentArray.INFO: PASSED [] []
[2012-12-05 12:22:15] Codeception\TestCase\Cest::getParent.INFO: execute "lambda function" [] []
[2012-12-05 12:22:15] Codeception\TestCase\Cest::getParent.ALERT: 2 Missing argument 1 for UfoSection::getModuleName(), called in G:\Projects\@pl\!ufo\_git_\ufocms\classes\UfoSection.php on line 112 and defined [] []
[2012-12-05 12:22:15] Codeception\TestCase\Cest::getParent.INFO: # ERROR # [] []
[2012-12-05 12:22:15] Codeception\TestCase\Cest::getParent.INFO: PASSED [] []
[2012-12-05 12:22:15] Codeception\TestCase\Cest::getTopArray.INFO: execute "lambda function" [] []
[2012-12-05 12:22:15] Codeception\TestCase\Cest::getTopArray.ALERT: 2 Missing argument 1 for UfoSection::getModuleName(), called in G:\Projects\@pl\!ufo\_git_\ufocms\classes\UfoSection.php on line 112 and defined [] []
[2012-12-05 12:22:15] Codeception\TestCase\Cest::getTopArray.INFO: # ERROR # [] []
[2012-12-05 12:22:15] Codeception\TestCase\Cest::getTopArray.INFO: PASSED [] []
[2012-12-05 12:22:15] Codeception\TestCase\Cest::getTop.INFO: execute "lambda function" [] []
[2012-12-05 12:22:15] Codeception\TestCase\Cest::getTop.ALERT: 2 Missing argument 1 for UfoSection::getModuleName(), called in G:\Projects\@pl\!ufo\_git_\ufocms\classes\UfoSection.php on line 112 and defined [] []
[2012-12-05 12:22:15] Codeception\TestCase\Cest::getTop.INFO: # ERROR # [] []
[2012-12-05 12:22:15] Codeception\TestCase\Cest::getTop.INFO: PASSED [] []
[2012-12-05 12:22:15] Codeception\TestCase\Cest::getChildrenArray.INFO: execute "lambda function" [] []
[2012-12-05 12:22:15] Codeception\TestCase\Cest::getChildrenArray.ALERT: 2 Missing argument 1 for UfoSection::getModuleName(), called in G:\Projects\@pl\!ufo\_git_\ufocms\classes\UfoSection.php on line 112 and defined [] []
[2012-12-05 12:22:15] Codeception\TestCase\Cest::getChildrenArray.INFO: # ERROR # [] []
[2012-12-05 12:22:15] Codeception\TestCase\Cest::getChildrenArray.INFO: PASSED [] []
[2012-12-05 12:22:15] Codeception\TestCase\Cest::getChildren.INFO: execute "lambda function" [] []
[2012-12-05 12:22:16] Codeception\TestCase\Cest::getChildren.ALERT: 2 Missing argument 1 for UfoSection::getModuleName(), called in G:\Projects\@pl\!ufo\_git_\ufocms\classes\UfoSection.php on line 112 and defined [] []
[2012-12-05 12:22:16] Codeception\TestCase\Cest::getChildren.INFO: # ERROR # [] []
[2012-12-05 12:22:16] Codeception\TestCase\Cest::getChildren.INFO: PASSED [] []
[2012-12-05 12:22:16] Codeception\TestCase\Cest::getNeighborsArray.INFO: execute "lambda function" [] []
[2012-12-05 12:22:16] Codeception\TestCase\Cest::getNeighborsArray.ALERT: 2 Missing argument 1 for UfoSection::getModuleName(), called in G:\Projects\@pl\!ufo\_git_\ufocms\classes\UfoSection.php on line 112 and defined [] []
[2012-12-05 12:22:16] Codeception\TestCase\Cest::getNeighborsArray.INFO: # ERROR # [] []
[2012-12-05 12:22:16] Codeception\TestCase\Cest::getNeighborsArray.INFO: PASSED [] []
[2012-12-05 12:22:16] Codeception\TestCase\Cest::getNeighbors.INFO: execute "lambda function" [] []
[2012-12-05 12:22:16] Codeception\TestCase\Cest::getNeighbors.ALERT: 2 Missing argument 1 for UfoSection::getModuleName(), called in G:\Projects\@pl\!ufo\_git_\ufocms\classes\UfoSection.php on line 112 and defined [] []
[2012-12-05 12:22:16] Codeception\TestCase\Cest::getNeighbors.INFO: # ERROR # [] []
[2012-12-05 12:22:16] Codeception\TestCase\Cest::getNeighbors.INFO: PASSED [] []
[2012-12-05 12:22:24] Codeception\TestCase\Cest::createObject.INFO: execute "lambda function" [] []
[2012-12-05 12:22:24] Codeception\TestCase\Cest::createObject.INFO: see result equals "1" [] []
[2012-12-05 12:22:24] Codeception\TestCase\Cest::createObject.ALERT: in 
Failed asserting that false matches expected true. [] []
[2012-12-05 12:22:24] Codeception\TestCase\Cest::createObject.INFO: # FAILED # [] []
[2012-12-05 12:22:24] Codeception\TestCase\Cest::createObject.INFO: PASSED [] []
[2012-12-05 12:22:24] Codeception\TestCase\Cest::createObject.ALERT: 2 Missing argument 1 for UfoSection::getModuleName(), called in G:\Projects\@pl\!ufo\_git_\ufocms\classes\UfoSection.php on line 112 and defined [] []
[2012-12-05 12:22:24] Codeception\TestCase\Cest::createObject.INFO: # ERROR # [] []
[2012-12-05 12:22:24] Codeception\TestCase\Cest::createObject.INFO: PASSED [] []
[2012-12-05 12:22:24] Codeception\TestCase\Cest::getModule.INFO: execute "lambda function" [] []
[2012-12-05 12:22:25] Codeception\TestCase\Cest::getModule.ALERT: 2 Missing argument 1 for UfoSection::getModuleName(), called in G:\Projects\@pl\!ufo\_git_\ufocms\classes\UfoSection.php on line 112 and defined [] []
[2012-12-05 12:22:25] Codeception\TestCase\Cest::getModule.INFO: # ERROR # [] []
[2012-12-05 12:22:25] Codeception\TestCase\Cest::getModule.INFO: PASSED [] []
[2012-12-05 12:22:25] Codeception\TestCase\Cest::getPage.INFO: execute "lambda function" [] []
[2012-12-05 12:22:25] Codeception\TestCase\Cest::getPage.ALERT: 2 Missing argument 1 for UfoSection::getModuleName(), called in G:\Projects\@pl\!ufo\_git_\ufocms\classes\UfoSection.php on line 112 and defined [] []
[2012-12-05 12:22:25] Codeception\TestCase\Cest::getPage.INFO: # ERROR # [] []
[2012-12-05 12:22:25] Codeception\TestCase\Cest::getPage.INFO: PASSED [] []
[2012-12-05 12:22:25] Codeception\TestCase\Cest::getPage.ALERT: 2 Missing argument 1 for UfoSection::getModuleName(), called in G:\Projects\@pl\!ufo\_git_\ufocms\classes\UfoSection.php on line 112 and defined [] []
[2012-12-05 12:22:25] Codeception\TestCase\Cest::getPage.INFO: # ERROR # [] []
[2012-12-05 12:22:25] Codeception\TestCase\Cest::getPage.INFO: PASSED [] []
[2012-12-05 12:22:25] Codeception\TestCase\Cest::getFields.INFO: execute "lambda function" [] []
[2012-12-05 12:22:25] Codeception\TestCase\Cest::getFields.ALERT: 2 Missing argument 1 for UfoSection::getModuleName(), called in G:\Projects\@pl\!ufo\_git_\ufocms\classes\UfoSection.php on line 112 and defined [] []
[2012-12-05 12:22:25] Codeception\TestCase\Cest::getFields.INFO: # ERROR # [] []
[2012-12-05 12:22:25] Codeception\TestCase\Cest::getFields.INFO: PASSED [] []
[2012-12-05 12:22:25] Codeception\TestCase\Cest::getFields.ALERT: 2 Missing argument 1 for UfoSection::getModuleName(), called in G:\Projects\@pl\!ufo\_git_\ufocms\classes\UfoSection.php on line 112 and defined [] []
[2012-12-05 12:22:25] Codeception\TestCase\Cest::getFields.INFO: # ERROR # [] []
[2012-12-05 12:22:25] Codeception\TestCase\Cest::getFields.INFO: PASSED [] []
[2012-12-05 12:22:25] Codeception\TestCase\Cest::getParentArray.INFO: execute "lambda function" [] []
[2012-12-05 12:22:25] Codeception\TestCase\Cest::getParentArray.ALERT: 2 Missing argument 1 for UfoSection::getModuleName(), called in G:\Projects\@pl\!ufo\_git_\ufocms\classes\UfoSection.php on line 112 and defined [] []
[2012-12-05 12:22:25] Codeception\TestCase\Cest::getParentArray.INFO: # ERROR # [] []
[2012-12-05 12:22:25] Codeception\TestCase\Cest::getParentArray.INFO: PASSED [] []
[2012-12-05 12:22:25] Codeception\TestCase\Cest::getParent.INFO: execute "lambda function" [] []
[2012-12-05 12:22:26] Codeception\TestCase\Cest::getParent.ALERT: 2 Missing argument 1 for UfoSection::getModuleName(), called in G:\Projects\@pl\!ufo\_git_\ufocms\classes\UfoSection.php on line 112 and defined [] []
[2012-12-05 12:22:26] Codeception\TestCase\Cest::getParent.INFO: # ERROR # [] []
[2012-12-05 12:22:26] Codeception\TestCase\Cest::getParent.INFO: PASSED [] []
[2012-12-05 12:22:26] Codeception\TestCase\Cest::getTopArray.INFO: execute "lambda function" [] []
[2012-12-05 12:22:26] Codeception\TestCase\Cest::getTopArray.ALERT: 2 Missing argument 1 for UfoSection::getModuleName(), called in G:\Projects\@pl\!ufo\_git_\ufocms\classes\UfoSection.php on line 112 and defined [] []
[2012-12-05 12:22:26] Codeception\TestCase\Cest::getTopArray.INFO: # ERROR # [] []
[2012-12-05 12:22:26] Codeception\TestCase\Cest::getTopArray.INFO: PASSED [] []
[2012-12-05 12:22:26] Codeception\TestCase\Cest::getTop.INFO: execute "lambda function" [] []
[2012-12-05 12:22:26] Codeception\TestCase\Cest::getTop.ALERT: 2 Missing argument 1 for UfoSection::getModuleName(), called in G:\Projects\@pl\!ufo\_git_\ufocms\classes\UfoSection.php on line 112 and defined [] []
[2012-12-05 12:22:26] Codeception\TestCase\Cest::getTop.INFO: # ERROR # [] []
[2012-12-05 12:22:26] Codeception\TestCase\Cest::getTop.INFO: PASSED [] []
[2012-12-05 12:22:26] Codeception\TestCase\Cest::getChildrenArray.INFO: execute "lambda function" [] []
[2012-12-05 12:22:26] Codeception\TestCase\Cest::getChildrenArray.ALERT: 2 Missing argument 1 for UfoSection::getModuleName(), called in G:\Projects\@pl\!ufo\_git_\ufocms\classes\UfoSection.php on line 112 and defined [] []
[2012-12-05 12:22:26] Codeception\TestCase\Cest::getChildrenArray.INFO: # ERROR # [] []
[2012-12-05 12:22:26] Codeception\TestCase\Cest::getChildrenArray.INFO: PASSED [] []
[2012-12-05 12:22:26] Codeception\TestCase\Cest::getChildren.INFO: execute "lambda function" [] []
[2012-12-05 12:22:26] Codeception\TestCase\Cest::getChildren.ALERT: 2 Missing argument 1 for UfoSection::getModuleName(), called in G:\Projects\@pl\!ufo\_git_\ufocms\classes\UfoSection.php on line 112 and defined [] []
[2012-12-05 12:22:26] Codeception\TestCase\Cest::getChildren.INFO: # ERROR # [] []
[2012-12-05 12:22:26] Codeception\TestCase\Cest::getChildren.INFO: PASSED [] []
[2012-12-05 12:22:26] Codeception\TestCase\Cest::getNeighborsArray.INFO: execute "lambda function" [] []
[2012-12-05 12:22:27] Codeception\TestCase\Cest::getNeighborsArray.ALERT: 2 Missing argument 1 for UfoSection::getModuleName(), called in G:\Projects\@pl\!ufo\_git_\ufocms\classes\UfoSection.php on line 112 and defined [] []
[2012-12-05 12:22:27] Codeception\TestCase\Cest::getNeighborsArray.INFO: # ERROR # [] []
[2012-12-05 12:22:27] Codeception\TestCase\Cest::getNeighborsArray.INFO: PASSED [] []
[2012-12-05 12:22:27] Codeception\TestCase\Cest::getNeighbors.INFO: execute "lambda function" [] []
[2012-12-05 12:22:27] Codeception\TestCase\Cest::getNeighbors.ALERT: 2 Missing argument 1 for UfoSection::getModuleName(), called in G:\Projects\@pl\!ufo\_git_\ufocms\classes\UfoSection.php on line 112 and defined [] []
[2012-12-05 12:22:27] Codeception\TestCase\Cest::getNeighbors.INFO: # ERROR # [] []
[2012-12-05 12:22:27] Codeception\TestCase\Cest::getNeighbors.INFO: PASSED [] []
[2012-12-05 12:23:21] Codeception\TestCase\Cest::createObject.INFO: execute "lambda function" [] []
[2012-12-05 12:23:22] Codeception\TestCase\Cest::createObject.INFO: see result equals "1" [] []
[2012-12-05 12:23:22] Codeception\TestCase\Cest::createObject.INFO: PASSED [] []
[2012-12-05 12:23:22] Codeception\TestCase\Cest::initModule.INFO: execute method "UfoSection","initModule" [] []
[2012-12-05 12:23:22] Codeception\TestCase\Cest::initModule.INFO: PASSED [] []
[2012-12-05 12:23:22] Codeception\TestCase\Cest::getModule.INFO: execute "lambda function" [] []
[2012-12-05 12:23:22] Codeception\TestCase\Cest::getModule.INFO: see result equals "1" [] []
[2012-12-05 12:23:22] Codeception\TestCase\Cest::getModule.INFO: PASSED [] []
[2012-12-05 12:23:22] Codeception\TestCase\Cest::getPage.INFO: execute "lambda function" [] []
[2012-12-05 12:23:22] Codeception\TestCase\Cest::getPage.INFO: see result equals "1" [] []
[2012-12-05 12:23:22] Codeception\TestCase\Cest::getPage.INFO: PASSED [] []
[2012-12-05 12:23:23] Codeception\TestCase\Cest::getField.INFO: test method "UfoSection.getField" [] []
[2012-12-05 12:23:23] Codeception\TestCase\Cest::getField.INFO: execute tested method on "UfoSection","id" [] []
[2012-12-05 12:23:23] Codeception\TestCase\Cest::getField.INFO: see method returns "UfoSection","getField",-1,["id" [] []
[2012-12-05 12:23:23] Codeception\TestCase\Cest::getField.INFO: PASSED [] []
[2012-12-05 12:23:23] Codeception\TestCase\Cest::getFields.INFO: execute "lambda function" [] []
[2012-12-05 12:23:23] Codeception\TestCase\Cest::getFields.INFO: see result equals "1" [] []
[2012-12-05 12:23:23] Codeception\TestCase\Cest::getFields.INFO: PASSED [] []
[2012-12-05 12:23:23] Codeception\TestCase\Cest::isMain.INFO: test method "UfoSection.isMain" [] []
[2012-12-05 12:23:23] Codeception\TestCase\Cest::isMain.INFO: execute tested method on "UfoSection" [] []
[2012-12-05 12:23:23] Codeception\TestCase\Cest::isMain.INFO: see method returns "UfoSection","isMain",true, [] []
[2012-12-05 12:23:23] Codeception\TestCase\Cest::isMain.INFO: PASSED [] []
[2012-12-05 12:23:23] Codeception\TestCase\Cest::getParentArray.INFO: execute "lambda function" [] []
[2012-12-05 12:23:24] Codeception\TestCase\Cest::getParentArray.INFO: see result equals "1" [] []
[2012-12-05 12:23:24] Codeception\TestCase\Cest::getParentArray.INFO: PASSED [] []
[2012-12-05 12:23:24] Codeception\TestCase\Cest::getParent.INFO: execute "lambda function" [] []
[2012-12-05 12:23:24] Codeception\TestCase\Cest::getParent.INFO: see result equals "1" [] []
[2012-12-05 12:23:24] Codeception\TestCase\Cest::getParent.INFO: PASSED [] []
[2012-12-05 12:23:24] Codeception\TestCase\Cest::getTopArray.INFO: execute "lambda function" [] []
[2012-12-05 12:23:24] Codeception\TestCase\Cest::getTopArray.INFO: see result equals "1" [] []
[2012-12-05 12:23:24] Codeception\TestCase\Cest::getTopArray.INFO: PASSED [] []
[2012-12-05 12:23:24] Codeception\TestCase\Cest::getTop.INFO: execute "lambda function" [] []
[2012-12-05 12:23:24] Codeception\TestCase\Cest::getTop.INFO: see result equals "1" [] []
[2012-12-05 12:23:24] Codeception\TestCase\Cest::getTop.INFO: PASSED [] []
[2012-12-05 12:23:24] Codeception\TestCase\Cest::getChildrenArray.INFO: execute "lambda function" [] []
[2012-12-05 12:23:24] Codeception\TestCase\Cest::getChildrenArray.INFO: see result equals "1" [] []
[2012-12-05 12:23:24] Codeception\TestCase\Cest::getChildrenArray.INFO: PASSED [] []
[2012-12-05 12:23:24] Codeception\TestCase\Cest::getChildren.INFO: execute "lambda function" [] []
[2012-12-05 12:23:25] Codeception\TestCase\Cest::getChildren.INFO: see result equals "1" [] []
[2012-12-05 12:23:25] Codeception\TestCase\Cest::getChildren.INFO: PASSED [] []
[2012-12-05 12:23:25] Codeception\TestCase\Cest::getNeighborsArray.INFO: execute "lambda function" [] []
[2012-12-05 12:23:25] Codeception\TestCase\Cest::getNeighborsArray.INFO: see result equals "1" [] []
[2012-12-05 12:23:25] Codeception\TestCase\Cest::getNeighborsArray.INFO: PASSED [] []
[2012-12-05 12:23:25] Codeception\TestCase\Cest::getNeighbors.INFO: execute "lambda function" [] []
[2012-12-05 12:23:25] Codeception\TestCase\Cest::getNeighbors.INFO: see result equals "1" [] []
[2012-12-05 12:23:25] Codeception\TestCase\Cest::getNeighbors.INFO: PASSED [] []
[2012-12-05 12:23:29] Codeception\TestCase\Cest::saveTest.INFO: execute method "UfoCacheFs","save","some test data" [] []
[2012-12-05 12:23:29] Codeception\TestCase\Cest::saveTest.INFO: PASSED [] []
[2012-12-05 12:23:29] Codeception\TestCase\Cest::saveLargeData.INFO: execute method "UfoCacheFs","save",null [] []
[2012-12-05 12:23:29] Codeception\TestCase\Cest::saveLargeData.INFO: PASSED [] []
[2012-12-05 12:23:29] Codeception\TestCase\Cest::saveComplexHash.INFO: execute method "UfoCacheFs","save","some test data" [] []
[2012-12-05 12:23:29] Codeception\TestCase\Cest::saveComplexHash.INFO: PASSED [] []
[2012-12-05 12:23:29] Codeception\TestCase\Cest::loadTest.INFO: execute method "UfoCacheFs","load" [] []
[2012-12-05 12:23:29] Codeception\TestCase\Cest::loadTest.INFO: PASSED [] []
[2012-12-05 12:23:29] Codeception\TestCase\Cest::loadLargeData.INFO: execute method "UfoCacheFs","load" [] []
[2012-12-05 12:23:29] Codeception\TestCase\Cest::loadLargeData.INFO: PASSED [] []
[2012-12-05 12:23:29] Codeception\TestCase\Cest::loadComplexHash.INFO: execute method "UfoCacheFs","load" [] []
[2012-12-05 12:23:29] Codeception\TestCase\Cest::loadComplexHash.INFO: PASSED [] []
[2012-12-05 12:23:29] Codeception\TestCase\Cest::compareLoadWithSave.INFO: see method returns "UfoCacheFs","load","some test data" [] []
[2012-12-05 12:23:29] Codeception\TestCase\Cest::compareLoadWithSave.INFO: PASSED [] []
[2012-12-05 12:23:29] Codeception\TestCase\Cest::loadNonExisting.INFO: execute method "UfoCacheFs","load" [] []
[2012-12-05 12:23:29] Codeception\TestCase\Cest::loadNonExisting.INFO: see method returns "UfoCacheFs","load","" [] []
[2012-12-05 12:23:29] Codeception\TestCase\Cest::loadNonExisting.INFO: PASSED [] []
[2012-12-05 12:23:29] Codeception\TestCase\Cest::loadClass.INFO: execute method "UfoCore","loadClass","UfoCacheFs" [] []
[2012-12-05 12:23:29] Codeception\TestCase\Cest::loadClass.INFO: execute "lambda function" [] []
[2012-12-05 12:23:29] Codeception\TestCase\Cest::loadClass.INFO: see result equals "1" [] []
[2012-12-05 12:23:29] Codeception\TestCase\Cest::loadClass.INFO: PASSED [] []
[2012-12-05 12:23:29] Codeception\TestCase\Cest::loadModule.INFO: execute method "UfoCore","loadModule","UfoModDocuments" [] []
[2012-12-05 12:23:29] Codeception\TestCase\Cest::loadModule.INFO: execute "lambda function" [] []
[2012-12-05 12:23:29] Codeception\TestCase\Cest::loadModule.INFO: see result equals "1" [] []
[2012-12-05 12:23:29] Codeception\TestCase\Cest::loadModule.INFO: PASSED [] []
[2012-12-05 12:23:29] Codeception\TestCase\Cest::initPhp.INFO: execute method "UfoCore","initPhp" [] []
[2012-12-05 12:23:29] Codeception\TestCase\Cest::initPhp.INFO: PASSED [] []
[2012-12-05 12:23:29] Codeception\TestCase\Cest::setPathRaw.INFO: execute method "UfoCore","setPathRaw" [] []
[2012-12-05 12:23:29] Codeception\TestCase\Cest::setPathRaw.INFO: PASSED [] []
[2012-12-05 12:23:29] Codeception\TestCase\Cest::tryCache.INFO: execute method "UfoCore","tryCache" [] []
[2012-12-05 12:23:29] Codeception\TestCase\Cest::tryCache.INFO: see method returns "UfoCore","tryCache",false [] []
[2012-12-05 12:23:29] Codeception\TestCase\Cest::tryCache.INFO: PASSED [] []
[2012-12-05 12:23:29] Codeception\TestCase\Cest::initSite.INFO: execute method "UfoCore","initSite" [] []
[2012-12-05 12:23:30] Codeception\TestCase\Cest::initSite.INFO: PASSED [] []
[2012-12-05 12:23:30] Codeception\TestCase\Cest::initSection.INFO: execute method "UfoCore","initSection" [] []
[2012-12-05 12:23:30] Codeception\TestCase\Cest::initSection.INFO: PASSED [] []
[2012-12-05 12:23:30] Codeception\TestCase\Cest::generatePage.INFO: execute method "UfoCore","generatePage" [] []
[2012-12-05 12:23:30] Codeception\TestCase\Cest::generatePage.INFO: PASSED [] []
[2012-12-05 12:23:30] Codeception\TestCase\Cest::finalize.INFO: execute method "UfoCore","finalize" [] []
[2012-12-05 12:23:30] Codeception\TestCase\Cest::finalize.INFO: PASSED [] []
[2012-12-05 12:23:30] Codeception\TestCase\Cest::shutdown.INFO: execute method "UfoCore","shutdown" [] []
[2012-12-05 12:23:30] Codeception\TestCase\Cest::shutdown.INFO: PASSED [] []
[2012-12-05 12:23:30] Codeception\TestCase\Cest::main.INFO: execute "lambda function" [] []
[2012-12-05 12:23:31] Codeception\TestCase\Cest::main.INFO: see result equals "1" [] []
[2012-12-05 12:23:31] Codeception\TestCase\Cest::main.INFO: PASSED [] []
[2012-12-05 12:23:31] Codeception\TestCase\Cest::createObject.INFO: execute "lambda function" [] []
[2012-12-05 12:23:31] Codeception\TestCase\Cest::createObject.INFO: see result equals "1" [] []
[2012-12-05 12:23:31] Codeception\TestCase\Cest::createObject.INFO: PASSED [] []
[2012-12-05 12:23:31] Codeception\TestCase\Cest::initModule.INFO: execute method "UfoSection","initModule" [] []
[2012-12-05 12:23:31] Codeception\TestCase\Cest::initModule.INFO: PASSED [] []
[2012-12-05 12:23:32] Codeception\TestCase\Cest::getModule.INFO: execute "lambda function" [] []
[2012-12-05 12:23:32] Codeception\TestCase\Cest::getModule.INFO: see result equals "1" [] []
[2012-12-05 12:23:32] Codeception\TestCase\Cest::getModule.INFO: PASSED [] []
[2012-12-05 12:23:32] Codeception\TestCase\Cest::getPage.INFO: execute "lambda function" [] []
[2012-12-05 12:23:32] Codeception\TestCase\Cest::getPage.INFO: see result equals "1" [] []
[2012-12-05 12:23:32] Codeception\TestCase\Cest::getPage.INFO: PASSED [] []
[2012-12-05 12:23:32] Codeception\TestCase\Cest::getField.INFO: test method "UfoSection.getField" [] []
[2012-12-05 12:23:32] Codeception\TestCase\Cest::getField.INFO: execute tested method on "UfoSection","id" [] []
[2012-12-05 12:23:32] Codeception\TestCase\Cest::getField.INFO: see method returns "UfoSection","getField",-1,["id" [] []
[2012-12-05 12:23:32] Codeception\TestCase\Cest::getField.INFO: PASSED [] []
[2012-12-05 12:23:32] Codeception\TestCase\Cest::getFields.INFO: execute "lambda function" [] []
[2012-12-05 12:23:32] Codeception\TestCase\Cest::getFields.INFO: see result equals "1" [] []
[2012-12-05 12:23:32] Codeception\TestCase\Cest::getFields.INFO: PASSED [] []
[2012-12-05 12:23:33] Codeception\TestCase\Cest::isMain.INFO: test method "UfoSection.isMain" [] []
[2012-12-05 12:23:33] Codeception\TestCase\Cest::isMain.INFO: execute tested method on "UfoSection" [] []
[2012-12-05 12:23:33] Codeception\TestCase\Cest::isMain.INFO: see method returns "UfoSection","isMain",true, [] []
[2012-12-05 12:23:33] Codeception\TestCase\Cest::isMain.INFO: PASSED [] []
[2012-12-05 12:23:33] Codeception\TestCase\Cest::getParentArray.INFO: execute "lambda function" [] []
[2012-12-05 12:23:33] Codeception\TestCase\Cest::getParentArray.INFO: see result equals "1" [] []
[2012-12-05 12:23:33] Codeception\TestCase\Cest::getParentArray.INFO: PASSED [] []
[2012-12-05 12:23:33] Codeception\TestCase\Cest::getParent.INFO: execute "lambda function" [] []
[2012-12-05 12:23:33] Codeception\TestCase\Cest::getParent.INFO: see result equals "1" [] []
[2012-12-05 12:23:33] Codeception\TestCase\Cest::getParent.INFO: PASSED [] []
[2012-12-05 12:23:33] Codeception\TestCase\Cest::getTopArray.INFO: execute "lambda function" [] []
[2012-12-05 12:23:33] Codeception\TestCase\Cest::getTopArray.INFO: see result equals "1" [] []
[2012-12-05 12:23:33] Codeception\TestCase\Cest::getTopArray.INFO: PASSED [] []
[2012-12-05 12:23:33] Codeception\TestCase\Cest::getTop.INFO: execute "lambda function" [] []
[2012-12-05 12:23:34] Codeception\TestCase\Cest::getTop.INFO: see result equals "1" [] []
[2012-12-05 12:23:34] Codeception\TestCase\Cest::getTop.INFO: PASSED [] []
[2012-12-05 12:23:34] Codeception\TestCase\Cest::getChildrenArray.INFO: execute "lambda function" [] []
[2012-12-05 12:23:34] Codeception\TestCase\Cest::getChildrenArray.INFO: see result equals "1" [] []
[2012-12-05 12:23:34] Codeception\TestCase\Cest::getChildrenArray.INFO: PASSED [] []
[2012-12-05 12:23:34] Codeception\TestCase\Cest::getChildren.INFO: execute "lambda function" [] []
[2012-12-05 12:23:34] Codeception\TestCase\Cest::getChildren.INFO: see result equals "1" [] []
[2012-12-05 12:23:34] Codeception\TestCase\Cest::getChildren.INFO: PASSED [] []
[2012-12-05 12:23:34] Codeception\TestCase\Cest::getNeighborsArray.INFO: execute "lambda function" [] []
[2012-12-05 12:23:34] Codeception\TestCase\Cest::getNeighborsArray.INFO: see result equals "1" [] []
[2012-12-05 12:23:34] Codeception\TestCase\Cest::getNeighborsArray.INFO: PASSED [] []
[2012-12-05 12:23:34] Codeception\TestCase\Cest::getNeighbors.INFO: execute "lambda function" [] []
[2012-12-05 12:23:34] Codeception\TestCase\Cest::getNeighbors.INFO: see result equals "1" [] []
[2012-12-05 12:23:34] Codeception\TestCase\Cest::getNeighbors.INFO: PASSED [] []
