[2012-10-02 12:55:23] Codeception\TestCase\Cest::connect.INFO: test method "UfoDb.connect" [] []
[2012-10-02 12:55:23] Codeception\TestCase\Cest::connect.INFO: execute "lambda function" [] []
[2012-10-02 12:55:23] Codeception\TestCase\Cest::connect.INFO: see result is "UfoDb" [] []
[2012-10-02 12:55:23] Codeception\TestCase\Cest::connect.INFO: PASSED [] []
[2012-10-02 12:55:24] Codeception\TestCase\Cest::close.INFO: test method "UfoDb.close" [] []
[2012-10-02 12:55:25] Codeception\TestCase\Cest::close.INFO: execute method "UfoDb","close" [] []
[2012-10-02 12:55:25] Codeception\TestCase\Cest::close.INFO: PASSED [] []
[2012-10-02 12:55:26] Codeception\TestCase\Cest::querySelectCorrect.INFO: execute method "UfoDb","query","SELECT * FROM wp_users" [] []
[2012-10-02 12:55:26] Codeception\TestCase\Cest::querySelectCorrect.INFO: see method not returns "UfoDb","query",false,["SELECT * FROM wp_users" [] []
[2012-10-02 12:55:26] Codeception\TestCase\Cest::querySelectCorrect.ALERT: Failed asserting that false is not equal to false. [] []
[2012-10-02 12:55:26] Codeception\TestCase\Cest::querySelectCorrect.INFO: # FAILED # [] []
[2012-10-02 12:55:26] Codeception\TestCase\Cest::querySelectCorrect.INFO: PASSED [] []
[2012-10-02 12:55:28] Codeception\TestCase\Cest::querySelectIncorrect.INFO: execute method "UfoDb","query","SELECT * FROM skdubfub" [] []
[2012-10-02 12:55:28] Codeception\TestCase\Cest::querySelectIncorrect.INFO: see method returns "UfoDb","query",false,["SELECT * FROM skdubfub" [] []
[2012-10-02 12:55:28] Codeception\TestCase\Cest::querySelectIncorrect.INFO: PASSED [] []
[2012-10-02 13:11:05] Codeception\TestCase\Cest::connect.INFO: test method "UfoDb.connect" [] []
[2012-10-02 13:11:05] Codeception\TestCase\Cest::connect.INFO: execute "lambda function" [] []
[2012-10-02 13:11:05] Codeception\TestCase\Cest::connect.INFO: see result is "UfoDb" [] []
[2012-10-02 13:11:05] Codeception\TestCase\Cest::connect.INFO: PASSED [] []
[2012-10-02 13:11:06] Codeception\TestCase\Cest::close.INFO: test method "UfoDb.close" [] []
[2012-10-02 13:11:06] Codeception\TestCase\Cest::close.INFO: execute method "UfoDb","close" [] []
[2012-10-02 13:11:06] Codeception\TestCase\Cest::close.INFO: PASSED [] []
[2012-10-02 13:11:07] Codeception\TestCase\Cest::queryCreateTable.INFO: execute method "UfoDb","query","SQL_CREATE_TABLE" [] []
[2012-10-02 13:11:08] Codeception\TestCase\Cest::queryCreateTable.INFO: see method not returns "UfoDb","query",false,["SQL_CREATE_TABLE" [] []
[2012-10-02 13:11:08] Codeception\TestCase\Cest::queryCreateTable.ALERT: Failed asserting that false is not equal to false. [] []
[2012-10-02 13:11:08] Codeception\TestCase\Cest::queryCreateTable.INFO: # FAILED # [] []
[2012-10-02 13:11:08] Codeception\TestCase\Cest::queryCreateTable.INFO: PASSED [] []
[2012-10-02 13:11:09] Codeception\TestCase\Cest::querySelectCorrect.INFO: execute method "UfoDb","query","SELECT * FROM codeception_unit_test" [] []
[2012-10-02 13:11:09] Codeception\TestCase\Cest::querySelectCorrect.INFO: see method not returns "UfoDb","query",false,["SELECT * FROM codeception_unit_test" [] []
[2012-10-02 13:11:09] Codeception\TestCase\Cest::querySelectCorrect.ALERT: Failed asserting that false is not equal to false. [] []
[2012-10-02 13:11:09] Codeception\TestCase\Cest::querySelectCorrect.INFO: # FAILED # [] []
[2012-10-02 13:11:09] Codeception\TestCase\Cest::querySelectCorrect.INFO: PASSED [] []
[2012-10-02 13:11:10] Codeception\TestCase\Cest::querySelectIncorrect.INFO: execute method "UfoDb","query","SELECT * FROM skdubfub" [] []
[2012-10-02 13:11:10] Codeception\TestCase\Cest::querySelectIncorrect.INFO: see method returns "UfoDb","query",false,["SELECT * FROM skdubfub" [] []
[2012-10-02 13:11:10] Codeception\TestCase\Cest::querySelectIncorrect.INFO: PASSED [] []
[2012-10-02 13:11:40] Codeception\TestCase\Cest::connect.INFO: test method "UfoDb.connect" [] []
[2012-10-02 13:11:40] Codeception\TestCase\Cest::connect.INFO: execute "lambda function" [] []
[2012-10-02 13:11:41] Codeception\TestCase\Cest::connect.INFO: see result is "UfoDb" [] []
[2012-10-02 13:11:41] Codeception\TestCase\Cest::connect.INFO: PASSED [] []
[2012-10-02 13:11:41] Codeception\TestCase\Cest::close.INFO: test method "UfoDb.close" [] []
[2012-10-02 13:11:42] Codeception\TestCase\Cest::close.INFO: execute method "UfoDb","close" [] []
[2012-10-02 13:11:42] Codeception\TestCase\Cest::close.INFO: PASSED [] []
[2012-10-02 13:11:43] Codeception\TestCase\Cest::queryCreateTable.INFO: execute method "UfoDb","query","CREATE TABLE IF NOT EXISTS 
codeception_unit_test (
`Id` int(11) NOT NULL auto_increment, 
`Title` varchar(255) NOT NULL default '', 
PRIMARY KEY  (`Id`)) 
ENGINE=MyISAM  DEFAULT CHARSET=cp1251 AUTO_INCREMENT=1" [] []
[2012-10-02 13:11:43] Codeception\TestCase\Cest::queryCreateTable.INFO: see method not returns "UfoDb","query",false,["CREATE TABLE IF NOT EXISTS 
codeception_unit_test (
`Id` int(11) NOT NULL auto_increment, 
`Title` varchar(255) NOT NULL default '', 
PRIMARY KEY  (`Id`)) 
ENGINE=MyISAM  DEFAULT CHARSET=cp1251 AUTO_INCREMENT=1" [] []
[2012-10-02 13:11:43] Codeception\TestCase\Cest::queryCreateTable.INFO: PASSED [] []
[2012-10-02 13:11:44] Codeception\TestCase\Cest::querySelectCorrect.INFO: execute method "UfoDb","query","SELECT * FROM codeception_unit_test" [] []
[2012-10-02 13:11:44] Codeception\TestCase\Cest::querySelectCorrect.INFO: see method not returns "UfoDb","query",false,["SELECT * FROM codeception_unit_test" [] []
[2012-10-02 13:11:45] Codeception\TestCase\Cest::querySelectCorrect.INFO: PASSED [] []
[2012-10-02 13:11:46] Codeception\TestCase\Cest::querySelectIncorrect.INFO: execute method "UfoDb","query","SELECT * FROM skdubfub" [] []
[2012-10-02 13:11:46] Codeception\TestCase\Cest::querySelectIncorrect.INFO: see method returns "UfoDb","query",false,["SELECT * FROM skdubfub" [] []
[2012-10-02 13:11:46] Codeception\TestCase\Cest::querySelectIncorrect.INFO: PASSED [] []
[2012-10-02 13:17:24] Codeception\TestCase\Cest::connect.INFO: test method "UfoDb.connect" [] []
[2012-10-02 13:17:24] Codeception\TestCase\Cest::connect.INFO: execute "lambda function" [] []
[2012-10-02 13:17:25] Codeception\TestCase\Cest::connect.INFO: see result is "UfoDb" [] []
[2012-10-02 13:17:25] Codeception\TestCase\Cest::connect.INFO: PASSED [] []
[2012-10-02 13:17:25] Codeception\TestCase\Cest::close.INFO: test method "UfoDb.close" [] []
[2012-10-02 13:17:26] Codeception\TestCase\Cest::close.INFO: execute method "UfoDb","close" [] []
[2012-10-02 13:17:26] Codeception\TestCase\Cest::close.INFO: PASSED [] []
[2012-10-02 13:17:27] Codeception\TestCase\Cest::queryCreateTable.INFO: execute method "UfoDb","query","CREATE TABLE IF NOT EXISTS 
codeception_unit_test (
`Id` int(11) NOT NULL auto_increment, 
`Title` varchar(255) NOT NULL default '', 
PRIMARY KEY  (`Id`)) 
ENGINE=MyISAM  DEFAULT CHARSET=cp1251 AUTO_INCREMENT=1" [] []
[2012-10-02 13:17:27] Codeception\TestCase\Cest::queryCreateTable.INFO: see method not returns "UfoDb","query",false,["CREATE TABLE IF NOT EXISTS 
codeception_unit_test (
`Id` int(11) NOT NULL auto_increment, 
`Title` varchar(255) NOT NULL default '', 
PRIMARY KEY  (`Id`)) 
ENGINE=MyISAM  DEFAULT CHARSET=cp1251 AUTO_INCREMENT=1" [] []
[2012-10-02 13:17:27] Codeception\TestCase\Cest::queryCreateTable.INFO: PASSED [] []
[2012-10-02 13:17:28] Codeception\TestCase\Cest::querySelectCorrect.INFO: execute method "UfoDb","query","SELECT * FROM codeception_unit_test" [] []
[2012-10-02 13:17:29] Codeception\TestCase\Cest::querySelectCorrect.INFO: see method not returns "UfoDb","query",false,["SELECT * FROM codeception_unit_test" [] []
[2012-10-02 13:17:29] Codeception\TestCase\Cest::querySelectCorrect.INFO: PASSED [] []
[2012-10-02 13:17:30] Codeception\TestCase\Cest::querySelectIncorrect.INFO: execute method "UfoDb","query","SELECT * FROM skdubfub" [] []
[2012-10-02 13:17:30] Codeception\TestCase\Cest::querySelectIncorrect.INFO: see method returns "UfoDb","query",false,["SELECT * FROM skdubfub" [] []
[2012-10-02 13:17:30] Codeception\TestCase\Cest::querySelectIncorrect.INFO: PASSED [] []
[2012-10-02 13:37:00] Codeception\TestCase\Cest::loadClass.INFO: test method "UfoCore.loadClass" [] []
[2012-10-02 13:37:00] Codeception\TestCase\Cest::loadClass.INFO: PASSED [] []
[2012-10-02 13:38:25] Codeception\TestCase\Cest::loadClass.INFO: test method "UfoCore.loadClass" [] []
[2012-10-02 13:38:25] Codeception\TestCase\Cest::loadClass.INFO: PASSED [] []
[2012-10-02 13:39:30] Codeception\TestCase\Cest::loadClass.INFO: test method "UfoCore.loadClass" [] []
[2012-10-02 13:39:30] Codeception\TestCase\Cest::loadClass.INFO: PASSED [] []
[2012-10-02 13:40:14] Codeception\TestCase\Cest::loadClass.INFO: test method "UfoCore.loadClass" [] []
[2012-10-02 13:40:14] Codeception\TestCase\Cest::loadClass.INFO: PASSED [] []
[2012-10-02 13:40:49] Codeception\TestCase\Cest::loadClass.INFO: test method "UfoCore.loadClass" [] []
[2012-10-02 13:40:49] Codeception\TestCase\Cest::loadClass.INFO: PASSED [] []
[2012-10-02 13:40:57] Codeception\TestCase\Cest::loadClass.INFO: test method "UfoCore.loadClass" [] []
[2012-10-02 13:40:57] Codeception\TestCase\Cest::loadClass.INFO: PASSED [] []
[2012-10-02 13:41:07] Codeception\TestCase\Cest::loadClass.INFO: test method "UfoCore.loadClass" [] []
[2012-10-02 13:41:07] Codeception\TestCase\Cest::loadClass.INFO: PASSED [] []
[2012-10-02 13:42:21] Codeception\TestCase\Cest::loadClass.INFO: test method "UfoCore.loadClass" [] []
[2012-10-02 13:42:21] Codeception\TestCase\Cest::loadClass.INFO: PASSED [] []
[2012-10-02 13:44:21] Codeception\TestCase\Cest::loadClass.INFO: test method "UfoCore.loadClass" [] []
[2012-10-02 13:44:21] Codeception\TestCase\Cest::loadClass.INFO: execute method "UfoCore","loadClass","G:Projects@pl!ufo_git_ufocmstestsunit...._coredb" [] []
[2012-10-02 13:44:21] Codeception\TestCase\Cest::loadClass.ALERT: 2 include(G:Projects@pl!ufo_git_ufocmstestsunit...._coredb.php): failed to open stream: No such file or directory [] []
[2012-10-02 13:44:21] Codeception\TestCase\Cest::loadClass.INFO: # ERROR # [] []
[2012-10-02 13:44:21] Codeception\TestCase\Cest::loadClass.INFO: PASSED [] []
[2012-10-02 13:44:42] Codeception\TestCase\Cest::loadClass.INFO: test method "UfoCore.loadClass" [] []
[2012-10-02 13:44:42] Codeception\TestCase\Cest::loadClass.INFO: execute method "UfoCore","loadClass","G:,Projects,@pl,!ufo,_git_,ufocms,tests,unit..,..,_coredb" [] []
[2012-10-02 13:44:42] Codeception\TestCase\Cest::loadClass.ALERT: 2 include(G:\Projects\@pl\!ufo\_git_\ufocms\tests\unit..\..\_coredb.php): failed to open stream: No such file or directory [] []
[2012-10-02 13:44:42] Codeception\TestCase\Cest::loadClass.INFO: # ERROR # [] []
[2012-10-02 13:44:42] Codeception\TestCase\Cest::loadClass.INFO: PASSED [] []
[2012-10-02 13:44:55] Codeception\TestCase\Cest::loadClass.INFO: test method "UfoCore.loadClass" [] []
[2012-10-02 13:44:55] Codeception\TestCase\Cest::loadClass.INFO: execute method "UfoCore","loadClass","G:,Projects,@pl,!ufo,_git_,ufocms,tests,unit,..,..,_coredb" [] []
[2012-10-02 13:44:55] Codeception\TestCase\Cest::loadClass.ALERT: 2 include(G:\Projects\@pl\!ufo\_git_\ufocms\tests\unit\..\..\_coredb.php): failed to open stream: No such file or directory [] []
[2012-10-02 13:44:55] Codeception\TestCase\Cest::loadClass.INFO: # ERROR # [] []
[2012-10-02 13:44:55] Codeception\TestCase\Cest::loadClass.INFO: PASSED [] []
[2012-10-02 13:45:15] Codeception\TestCase\Cest::loadClass.INFO: test method "UfoCore.loadClass" [] []
[2012-10-02 13:45:15] Codeception\TestCase\Cest::loadClass.INFO: execute method "UfoCore","loadClass","G:,Projects,@pl,!ufo,_git_,ufocms,tests,unit,..,..,_core,db" [] []
[2012-10-02 13:48:05] Codeception\TestCase\Cest::loadClass.INFO: test method "UfoCore.loadClass" [] []
[2012-10-02 13:48:05] Codeception\TestCase\Cest::loadClass.INFO: execute method "UfoCore","loadClass","G:,Projects,@pl,!ufo,_git_,ufocms,tests,unit,..,..,_core,db" [] []
[2012-10-02 13:48:33] Codeception\TestCase\Cest::loadClass.INFO: test method "UfoCore.loadClass" [] []
[2012-10-02 13:48:33] Codeception\TestCase\Cest::loadClass.INFO: execute method "UfoCore","loadClass","G:\Projects\@pl\!ufo\_git_\ufocms\tests\unit\..\..\_core\db" [] []
[2012-10-02 13:56:51] Codeception\TestCase\Cest::loadClass.INFO: test method "UfoCore.loadClass" [] []
[2012-10-02 13:56:51] Codeception\TestCase\Cest::loadClass.INFO: test method "UfoCore::loadClass" [] []
[2012-10-02 13:56:51] Codeception\TestCase\Cest::loadClass.INFO: execute method "UfoCore","loadClass","G:\Projects\@pl\!ufo\_git_\ufocms\tests\unit\..\..\_core\db" [] []
[2012-10-02 13:57:15] Codeception\TestCase\Cest::loadClass.INFO: test method "UfoCore.loadClass" [] []
[2012-10-02 13:57:15] Codeception\TestCase\Cest::loadClass.INFO: test method "UfoCore::loadClass" [] []
[2012-10-02 13:57:15] Codeception\TestCase\Cest::loadClass.INFO: execute method "UfoCore","loadClass","G:\Projects\@pl\!ufo\_git_\ufocms\tests\unit\..\..\_core\db" [] []
[2012-10-02 13:57:31] Codeception\TestCase\Cest::loadClass.INFO: test method "UfoCore.loadClass" [] []
[2012-10-02 13:57:31] Codeception\TestCase\Cest::loadClass.INFO: test method "UfoCore::loadClass" [] []
[2012-10-02 13:57:31] Codeception\TestCase\Cest::loadClass.INFO: PASSED [] []
[2012-10-02 13:57:52] Codeception\TestCase\Cest::loadClass.INFO: test method "UfoCore.loadClass" [] []
[2012-10-02 13:57:52] Codeception\TestCase\Cest::loadClass.INFO: test method "UfoCore::loadClass" [] []
[2012-10-02 13:57:52] Codeception\TestCase\Cest::loadClass.INFO: execute method "UfoCore","loadClass","G:\Projects\@pl\!ufo\_git_\ufocms\tests\unit\..\..\_core\db" [] []
[2012-10-02 13:59:35] Codeception\TestCase\Cest::loadClass.INFO: test method "UfoCore.loadClass" [] []
[2012-10-02 13:59:35] Codeception\TestCase\Cest::loadClass.INFO: test method "UfoCore::loadClass" [] []
[2012-10-02 13:59:35] Codeception\TestCase\Cest::loadClass.INFO: execute tested method  [] []
[2012-10-02 13:59:35] Codeception\TestCase\Cest::loadClass.ALERT: 2 Missing argument 1 for Codeception\Module\Unit::executeTestedMethodWith() [] []
[2012-10-02 13:59:35] Codeception\TestCase\Cest::loadClass.INFO: # ERROR # [] []
[2012-10-02 13:59:35] Codeception\TestCase\Cest::loadClass.INFO: PASSED [] []
[2012-10-02 14:00:05] Codeception\TestCase\Cest::loadClass.INFO: test method "UfoCore.loadClass" [] []
[2012-10-02 14:00:05] Codeception\TestCase\Cest::loadClass.INFO: test method "UfoCore::loadClass" [] []
[2012-10-02 14:00:05] Codeception\TestCase\Cest::loadClass.INFO: execute tested method  [] []
[2012-10-02 14:00:05] Codeception\TestCase\Cest::loadClass.ALERT: 2 Missing argument 1 for Codeception\Module\Unit::executeTestedMethodWith() [] []
[2012-10-02 14:00:05] Codeception\TestCase\Cest::loadClass.INFO: # ERROR # [] []
[2012-10-02 14:00:05] Codeception\TestCase\Cest::loadClass.INFO: PASSED [] []
[2012-10-02 14:01:35] Codeception\TestCase\Cest::loadClass.INFO: test method "UfoCore.loadClass" [] []
[2012-10-02 14:01:35] Codeception\TestCase\Cest::loadClass.INFO: test method "UfoCore::loadClass" [] []
[2012-10-02 14:01:35] Codeception\TestCase\Cest::loadClass.INFO: execute tested method with "G:\Projects\@pl\!ufo\_git_\ufocms\tests\unit\..\..\_core\db" [] []
[2012-10-02 14:02:49] Codeception\TestCase\Cest::loadExistingClass.INFO: test method "UfoCore::loadClass" [] []
[2012-10-02 14:02:49] Codeception\TestCase\Cest::loadExistingClass.INFO: execute tested method with "G:\Projects\@pl\!ufo\_git_\ufocms\tests\unit\..\..\_core\db" [] []
[2012-10-02 14:03:38] Codeception\TestCase\Cest::loadExistingClass.INFO: test method "UfoCore::loadClass" [] []
[2012-10-02 14:03:38] Codeception\TestCase\Cest::loadExistingClass.INFO: execute tested method with "G:\Projects\@pl\!ufo\_git_\ufocms\tests\unit\..\..\_core\db" [] []
[2012-10-02 14:06:26] Codeception\TestCase\Cest::loadExistingClass.INFO: test method "UfoCore::loadClass" [] []
[2012-10-02 14:06:26] Codeception\TestCase\Cest::loadExistingClass.INFO: execute tested method with "G:\Projects\@pl\!ufo\_git_\ufocms\tests\unit\..\..\_core\db" [] []
[2012-10-02 14:07:15] Codeception\TestCase\Cest::loadExistingClass.INFO: test method "UfoCore::loadClass" [] []
[2012-10-02 14:07:15] Codeception\TestCase\Cest::loadExistingClass.INFO: execute tested method with "G:\Projects\@pl\!ufo\_git_\ufocms\tests\unit\..\..\_core\db" [] []
[2012-10-02 14:07:24] Codeception\TestCase\Cest::loadNoexistingClass.INFO: test method "UfoCore::loadClass" [] []
[2012-10-02 14:07:24] Codeception\TestCase\Cest::loadNoexistingClass.INFO: execute tested method with "G:\Projects\@pl\!ufo\_git_\ufocms\tests\unit\..\..\_core\noexisting" [] []
[2012-10-02 14:07:24] Codeception\TestCase\Cest::loadNoexistingClass.ALERT: 2 include(G:\Projects\@pl\!ufo\_git_\ufocms\tests\unit\..\..\_core\noexisting.php): failed to open stream: No such file or directory [] []
[2012-10-02 14:07:24] Codeception\TestCase\Cest::loadNoexistingClass.INFO: # ERROR # [] []
[2012-10-02 14:07:24] Codeception\TestCase\Cest::loadNoexistingClass.INFO: PASSED [] []
[2012-10-02 14:07:30] Codeception\TestCase\Cest::loadNoexistingClass.INFO: test method "UfoCore::loadClass" [] []
[2012-10-02 14:07:30] Codeception\TestCase\Cest::loadNoexistingClass.INFO: execute tested method with "G:\Projects\@pl\!ufo\_git_\ufocms\tests\unit\..\..\_core\noexisting" [] []
[2012-10-02 14:07:30] Codeception\TestCase\Cest::loadNoexistingClass.ALERT: 2 include(G:\Projects\@pl\!ufo\_git_\ufocms\tests\unit\..\..\_core\noexisting.php): failed to open stream: No such file or directory [] []
[2012-10-02 14:07:30] Codeception\TestCase\Cest::loadNoexistingClass.INFO: # ERROR # [] []
[2012-10-02 14:07:30] Codeception\TestCase\Cest::loadNoexistingClass.INFO: PASSED [] []
[2012-10-02 14:10:07] Codeception\TestCase\Cest::loadNoexistingClass.INFO: test method "UfoCore::loadClass" [] []
[2012-10-02 14:10:07] Codeception\TestCase\Cest::loadNoexistingClass.INFO: execute tested method with "G:\Projects\@pl\!ufo\_git_\ufocms\tests\unit\..\..\_core\noexisting" [] []
[2012-10-02 14:10:07] Codeception\TestCase\Cest::loadNoexistingClass.ALERT: 2 include(G:\Projects\@pl\!ufo\_git_\ufocms\tests\unit\..\..\_core\noexisting.php): failed to open stream: No such file or directory [] []
[2012-10-02 14:10:07] Codeception\TestCase\Cest::loadNoexistingClass.INFO: # ERROR # [] []
[2012-10-02 14:10:07] Codeception\TestCase\Cest::loadNoexistingClass.INFO: PASSED [] []
[2012-10-02 14:10:17] Codeception\TestCase\Cest::loadExistingClass.INFO: test method "UfoCore::loadClass" [] []
[2012-10-02 14:10:17] Codeception\TestCase\Cest::loadExistingClass.INFO: execute tested method with "G:\Projects\@pl\!ufo\_git_\ufocms\tests\unit\..\..\_core\db" [] []
[2012-10-02 14:13:44] Codeception\TestCase\Cest::loadExistingClass.INFO: test method "UfoCore::loadClass" [] []
[2012-10-02 14:13:44] Codeception\TestCase\Cest::loadExistingClass.INFO: execute "lambda function" [] []
[2012-10-02 14:13:59] Codeception\TestCase\Cest::loadExistingClass.INFO: test method "UfoCore::loadClass" [] []
[2012-10-02 14:13:59] Codeception\TestCase\Cest::loadExistingClass.INFO: execute "lambda function" [] []
[2012-10-02 14:13:59] Codeception\TestCase\Cest::loadExistingClass.INFO: PASSED [] []
[2012-10-02 14:13:59] Codeception\TestCase\Cest::loadNoexistingClass.INFO: test method "UfoCore::loadClass" [] []
[2012-10-02 14:13:59] Codeception\TestCase\Cest::loadNoexistingClass.INFO: execute tested method with "G:\Projects\@pl\!ufo\_git_\ufocms\tests\unit\..\..\_core\noexisting" [] []
[2012-10-02 14:13:59] Codeception\TestCase\Cest::loadNoexistingClass.ALERT: 2 include(G:\Projects\@pl\!ufo\_git_\ufocms\tests\unit\..\..\_core\noexisting.php): failed to open stream: No such file or directory [] []
[2012-10-02 14:13:59] Codeception\TestCase\Cest::loadNoexistingClass.INFO: # ERROR # [] []
[2012-10-02 14:13:59] Codeception\TestCase\Cest::loadNoexistingClass.INFO: PASSED [] []
[2012-10-02 14:14:34] Codeception\TestCase\Cest::loadExistingClass.INFO: test method "UfoCore::loadClass" [] []
[2012-10-02 14:14:34] Codeception\TestCase\Cest::loadExistingClass.INFO: execute "lambda function" [] []
[2012-10-02 14:14:34] Codeception\TestCase\Cest::loadExistingClass.INFO: PASSED [] []
[2012-10-02 14:14:34] Codeception\TestCase\Cest::loadNoexistingClass.INFO: test method "UfoCore::loadClass" [] []
[2012-10-02 14:14:34] Codeception\TestCase\Cest::loadNoexistingClass.INFO: execute tested method with "G:\Projects\@pl\!ufo\_git_\ufocms\tests\unit\..\..\_core\noexisting" [] []
[2012-10-02 14:14:34] Codeception\TestCase\Cest::loadNoexistingClass.ALERT: 2 include(G:\Projects\@pl\!ufo\_git_\ufocms\tests\unit\..\..\_core\noexisting.php): failed to open stream: No such file or directory [] []
[2012-10-02 14:14:34] Codeception\TestCase\Cest::loadNoexistingClass.INFO: # ERROR # [] []
[2012-10-02 14:14:34] Codeception\TestCase\Cest::loadNoexistingClass.INFO: PASSED [] []
[2012-10-02 14:14:47] Codeception\TestCase\Cest::loadExistingClass.INFO: test method "UfoCore::loadClass" [] []
[2012-10-02 14:14:47] Codeception\TestCase\Cest::loadExistingClass.INFO: execute "lambda function" [] []
[2012-10-02 14:17:21] Codeception\TestCase\Cest::loadExistingClass.INFO: test method "UfoCore::loadClass" [] []
[2012-10-02 14:17:21] Codeception\TestCase\Cest::loadExistingClass.INFO: execute "lambda function" [] []
[2012-10-02 14:20:03] Codeception\TestCase\Cest::loadExistingClass.INFO: test method "UfoCore::loadClass" [] []
[2012-10-02 14:20:03] Codeception\TestCase\Cest::loadExistingClass.INFO: execute "lambda function" [] []
[2012-10-02 14:20:03] Codeception\TestCase\Cest::loadExistingClass.INFO: PASSED [] []
[2012-10-02 14:20:03] Codeception\TestCase\Cest::loadNoexistingClass.INFO: test method "UfoCore::loadClass" [] []
[2012-10-02 14:20:03] Codeception\TestCase\Cest::loadNoexistingClass.INFO: execute tested method with "G:\Projects\@pl\!ufo\_git_\ufocms\tests\unit\..\..\_core\noexisting" [] []
[2012-10-02 14:20:03] Codeception\TestCase\Cest::loadNoexistingClass.ALERT: 2 include(G:\Projects\@pl\!ufo\_git_\ufocms\tests\unit\..\..\_core\noexisting.php): failed to open stream: No such file or directory [] []
[2012-10-02 14:20:03] Codeception\TestCase\Cest::loadNoexistingClass.INFO: # ERROR # [] []
[2012-10-02 14:20:03] Codeception\TestCase\Cest::loadNoexistingClass.INFO: PASSED [] []
[2012-10-02 14:27:16] Codeception\TestCase\Cest::loadExistingClass.INFO: test method "UfoCore::loadClass" [] []
[2012-10-02 14:27:16] Codeception\TestCase\Cest::loadExistingClass.INFO: execute "lambda function" [] []
[2012-10-02 14:27:16] Codeception\TestCase\Cest::loadExistingClass.INFO: PASSED [] []
[2012-10-02 14:27:16] Codeception\TestCase\Cest::loadNoexistingClass.INFO: test method "UfoCore::loadClass" [] []
[2012-10-02 14:27:16] Codeception\TestCase\Cest::loadNoexistingClass.INFO: execute "lambda function" [] []
[2012-10-02 14:27:16] Codeception\TestCase\Cest::loadNoexistingClass.ALERT: 2 include(G:\Projects\@pl\!ufo\_git_\ufocms\tests\unit\..\..\_core\baddummy.php): failed to open stream: No such file or directory [] []
[2012-10-02 14:27:16] Codeception\TestCase\Cest::loadNoexistingClass.INFO: # ERROR # [] []
[2012-10-02 14:27:16] Codeception\TestCase\Cest::loadNoexistingClass.INFO: PASSED [] []
[2012-10-02 14:27:33] Codeception\TestCase\Cest::loadExistingClass.INFO: test method "UfoCore::loadClass" [] []
[2012-10-02 14:27:33] Codeception\TestCase\Cest::loadExistingClass.INFO: execute "lambda function" [] []
[2012-10-02 14:27:33] Codeception\TestCase\Cest::loadExistingClass.INFO: PASSED [] []
[2012-10-02 14:27:33] Codeception\TestCase\Cest::loadNoexistingClass.INFO: test method "UfoCore::loadClass" [] []
[2012-10-02 14:27:33] Codeception\TestCase\Cest::loadNoexistingClass.INFO: execute "lambda function" [] []
[2012-10-02 14:28:20] Codeception\TestCase\Cest::loadExistingClass.INFO: test method "UfoCore::loadClass" [] []
[2012-10-02 14:28:20] Codeception\TestCase\Cest::loadExistingClass.INFO: execute "lambda function" [] []
[2012-10-02 14:28:20] Codeception\TestCase\Cest::loadExistingClass.INFO: PASSED [] []
[2012-10-02 14:28:20] Codeception\TestCase\Cest::loadNoexistingClass.INFO: test method "UfoCore::loadClass" [] []
[2012-10-02 14:28:20] Codeception\TestCase\Cest::loadNoexistingClass.INFO: execute "lambda function" [] []
[2012-10-02 14:28:20] Codeception\TestCase\Cest::loadNoexistingClass.INFO: PASSED [] []
[2012-10-02 14:28:50] Codeception\TestCase\Cest::loadExistingClass.INFO: test method "UfoCore::loadClass" [] []
[2012-10-02 14:28:50] Codeception\TestCase\Cest::loadExistingClass.INFO: execute "lambda function" [] []
[2012-10-02 14:28:50] Codeception\TestCase\Cest::loadExistingClass.INFO: see result is "1" [] []
[2012-10-02 14:28:50] Codeception\TestCase\Cest::loadExistingClass.ALERT: Argument #1 of PHPUnit_Framework_Assert::assertInternalType() must be a string [] []
[2012-10-02 14:28:50] Codeception\TestCase\Cest::loadExistingClass.INFO: # ERROR # [] []
[2012-10-02 14:28:50] Codeception\TestCase\Cest::loadExistingClass.INFO: PASSED [] []
[2012-10-02 14:28:50] Codeception\TestCase\Cest::loadNoexistingClass.INFO: test method "UfoCore::loadClass" [] []
[2012-10-02 14:28:50] Codeception\TestCase\Cest::loadNoexistingClass.INFO: execute "lambda function" [] []
[2012-10-02 14:28:50] Codeception\TestCase\Cest::loadNoexistingClass.INFO: see result is "" [] []
[2012-10-02 14:28:50] Codeception\TestCase\Cest::loadNoexistingClass.ALERT: Argument #1 of PHPUnit_Framework_Assert::assertInstanceOf() must be a string [] []
[2012-10-02 14:28:50] Codeception\TestCase\Cest::loadNoexistingClass.INFO: # ERROR # [] []
[2012-10-02 14:28:50] Codeception\TestCase\Cest::loadNoexistingClass.INFO: PASSED [] []
[2012-10-02 14:30:21] Codeception\TestCase\Cest::loadExistingClass.INFO: test method "UfoCore::loadClass" [] []
[2012-10-02 14:30:21] Codeception\TestCase\Cest::loadExistingClass.INFO: execute "lambda function" [] []
[2012-10-02 14:30:21] Codeception\TestCase\Cest::loadExistingClass.INFO: see result equals "1" [] []
[2012-10-02 14:30:21] Codeception\TestCase\Cest::loadExistingClass.INFO: PASSED [] []
[2012-10-02 14:30:21] Codeception\TestCase\Cest::loadNoexistingClass.INFO: test method "UfoCore::loadClass" [] []
[2012-10-02 14:30:21] Codeception\TestCase\Cest::loadNoexistingClass.INFO: execute "lambda function" [] []
[2012-10-02 14:30:21] Codeception\TestCase\Cest::loadNoexistingClass.INFO: see result equals "" [] []
[2012-10-02 14:30:21] Codeception\TestCase\Cest::loadNoexistingClass.INFO: PASSED [] []
[2012-10-02 14:31:04] Codeception\TestCase\Cest::save.INFO: test method "UfoCacheFs.save" [] []
[2012-10-02 14:31:04] Codeception\TestCase\Cest::save.INFO: execute method "UfoCacheFs","save","some test data" [] []
[2012-10-02 14:31:04] Codeception\TestCase\Cest::save.INFO: PASSED [] []
[2012-10-02 14:31:04] Codeception\TestCase\Cest::saveLargeData.INFO: execute method "UfoCacheFs","save",null [] []
[2012-10-02 14:31:04] Codeception\TestCase\Cest::saveLargeData.INFO: PASSED [] []
[2012-10-02 14:31:04] Codeception\TestCase\Cest::saveComplexHash.INFO: execute method "UfoCacheFs","save","some test data" [] []
[2012-10-02 14:31:04] Codeception\TestCase\Cest::saveComplexHash.INFO: PASSED [] []
[2012-10-02 14:31:04] Codeception\TestCase\Cest::load.INFO: test method "UfoCacheFs.load" [] []
[2012-10-02 14:31:04] Codeception\TestCase\Cest::load.INFO: execute method "UfoCacheFs","load" [] []
[2012-10-02 14:31:04] Codeception\TestCase\Cest::load.INFO: PASSED [] []
[2012-10-02 14:31:04] Codeception\TestCase\Cest::loadLargeData.INFO: execute method "UfoCacheFs","load" [] []
[2012-10-02 14:31:04] Codeception\TestCase\Cest::loadLargeData.INFO: PASSED [] []
[2012-10-02 14:31:04] Codeception\TestCase\Cest::loadComplexHash.INFO: execute method "UfoCacheFs","load" [] []
[2012-10-02 14:31:04] Codeception\TestCase\Cest::loadComplexHash.INFO: PASSED [] []
[2012-10-02 14:31:04] Codeception\TestCase\Cest::compareLoadWithSave.INFO: see method returns "UfoCacheFs","load","some test data" [] []
[2012-10-02 14:31:04] Codeception\TestCase\Cest::compareLoadWithSave.INFO: PASSED [] []
[2012-10-02 14:31:04] Codeception\TestCase\Cest::loadNonExisting.INFO: execute method "UfoCacheFs","load" [] []
[2012-10-02 14:31:04] Codeception\TestCase\Cest::loadNonExisting.INFO: see method returns "UfoCacheFs","load","" [] []
[2012-10-02 14:31:04] Codeception\TestCase\Cest::loadNonExisting.INFO: PASSED [] []
[2012-10-02 14:31:04] Codeception\TestCase\Cest::getAllEvents.INFO: test method "UfoCalendar.getAllEvents" [] []
[2012-10-02 14:31:04] Codeception\TestCase\Cest::getAllEvents.INFO: execute method "UfoCalendar","getAllEvents" [] []
[2012-10-02 14:31:04] Codeception\TestCase\Cest::getAllEvents.INFO: see method not returns "UfoCalendar","getAllEvents",false [] []
[2012-10-02 14:31:04] Codeception\TestCase\Cest::getAllEvents.INFO: PASSED [] []
[2012-10-02 14:31:04] Codeception\TestCase\Cest::getDayEvents.INFO: test method "UfoCalendar.getDayEvents" [] []
[2012-10-02 14:31:04] Codeception\TestCase\Cest::getDayEvents.INFO: execute method "UfoCalendar","getDayEvents","1","1" [] []
[2012-10-02 14:31:05] Codeception\TestCase\Cest::getDayEvents.INFO: see method not returns "UfoCalendar","getDayEvents",false,"lambda function" [] []
[2012-10-02 14:31:05] Codeception\TestCase\Cest::getDayEvents.INFO: see method not returns "UfoCalendar","getDayEvents",[],"lambda function" [] []
[2012-10-02 14:31:05] Codeception\TestCase\Cest::getDayEvents.INFO: PASSED [] []
[2012-10-02 14:31:05] Codeception\TestCase\Cest::getEvent.INFO: test method "UfoCalendar.getEvent" [] []
[2012-10-02 14:31:05] Codeception\TestCase\Cest::getEvent.INFO: execute method "UfoCalendar","getEvent","0000-01-01-0000" [] []
[2012-10-02 14:31:05] Codeception\TestCase\Cest::getEvent.INFO: see method not returns "UfoCalendar","getEvent",false,["0000-01-01-0000" [] []
[2012-10-02 14:31:05] Codeception\TestCase\Cest::getEvent.INFO: PASSED [] []
[2012-10-02 14:31:05] Codeception\TestCase\Cest::getNotExistsDayEvents.INFO: execute method "UfoCalendar","getDayEvents","30","2" [] []
[2012-10-02 14:31:05] Codeception\TestCase\Cest::getNotExistsDayEvents.INFO: see method returns "UfoCalendar","getDayEvents",[],"lambda function" [] []
[2012-10-02 14:31:05] Codeception\TestCase\Cest::getNotExistsDayEvents.INFO: PASSED [] []
[2012-10-02 14:31:05] Codeception\TestCase\Cest::getNotExistsEvent.INFO: execute method "UfoCalendar","getEvent","0000-02-30-0000" [] []
[2012-10-02 14:31:05] Codeception\TestCase\Cest::getNotExistsEvent.INFO: see method returns "UfoCalendar","getEvent",false,["0000-02-30-0000" [] []
[2012-10-02 14:31:05] Codeception\TestCase\Cest::getNotExistsEvent.INFO: PASSED [] []
[2012-10-02 14:31:05] Codeception\TestCase\Cest::getCaptcha.INFO: test method "UfoCaptchaFs.getCaptcha" [] []
[2012-10-02 14:31:05] Codeception\TestCase\Cest::getCaptcha.INFO: execute method "UfoCaptchaFs","getCaptcha" [] []
[2012-10-02 14:31:05] Codeception\TestCase\Cest::getCaptcha.INFO: see method not returns "UfoCaptchaFs","getCaptcha", [] []
[2012-10-02 14:31:05] Codeception\TestCase\Cest::getCaptcha.INFO: PASSED [] []
[2012-10-02 14:31:05] Codeception\TestCase\Cest::showImage.INFO: test method "UfoCaptchaFs.showImage" [] []
[2012-10-02 14:31:05] Codeception\TestCase\Cest::showImage.INFO: execute method "UfoCaptchaFs","showImage" [] []
[2012-10-02 14:31:05] Codeception\TestCase\Cest::showImage.INFO: PASSED [] []
[2012-10-02 14:31:05] Codeception\TestCase\Cest::checkIncorrect.INFO: execute method "UfoCaptchaFs","check" [] []
[2012-10-02 14:31:05] Codeception\TestCase\Cest::checkIncorrect.INFO: see method returns "UfoCaptchaFs","check",false [] []
[2012-10-02 14:31:05] Codeception\TestCase\Cest::checkIncorrect.INFO: PASSED [] []
[2012-10-02 14:31:05] Codeception\TestCase\Cest::checkCorrect.INFO: execute method "UfoCaptchaFs","check" [] []
[2012-10-02 14:31:05] Codeception\TestCase\Cest::checkCorrect.INFO: see method returns "UfoCaptchaFs","check",true [] []
[2012-10-02 14:31:05] Codeception\TestCase\Cest::checkCorrect.INFO: PASSED [] []
[2012-10-02 14:31:05] Codeception\TestCase\Cest::loadExistingClass.INFO: test method "UfoCore::loadClass" [] []
[2012-10-02 14:31:05] Codeception\TestCase\Cest::loadExistingClass.INFO: execute "lambda function" [] []
[2012-10-02 14:31:05] Codeception\TestCase\Cest::loadExistingClass.INFO: see result equals "1" [] []
[2012-10-02 14:31:05] Codeception\TestCase\Cest::loadExistingClass.INFO: PASSED [] []
[2012-10-02 14:31:05] Codeception\TestCase\Cest::loadNoexistingClass.INFO: test method "UfoCore::loadClass" [] []
[2012-10-02 14:31:05] Codeception\TestCase\Cest::loadNoexistingClass.INFO: execute "lambda function" [] []
[2012-10-02 14:31:05] Codeception\TestCase\Cest::loadNoexistingClass.INFO: see result equals "" [] []
[2012-10-02 14:31:05] Codeception\TestCase\Cest::loadNoexistingClass.INFO: PASSED [] []
[2012-10-02 14:31:05] Codeception\TestCase\Cest::connect.INFO: test method "UfoDb.connect" [] []
[2012-10-02 14:31:05] Codeception\TestCase\Cest::connect.INFO: execute "lambda function" [] []
[2012-10-02 14:31:06] Codeception\TestCase\Cest::connect.INFO: see result is "UfoDb" [] []
[2012-10-02 14:31:06] Codeception\TestCase\Cest::connect.INFO: PASSED [] []
[2012-10-02 14:31:06] Codeception\TestCase\Cest::close.INFO: test method "UfoDb.close" [] []
[2012-10-02 14:31:07] Codeception\TestCase\Cest::close.INFO: execute method "UfoDb","close" [] []
[2012-10-02 14:31:07] Codeception\TestCase\Cest::close.INFO: PASSED [] []
[2012-10-02 14:31:08] Codeception\TestCase\Cest::queryCreateTable.INFO: execute method "UfoDb","query","CREATE TABLE IF NOT EXISTS 
codeception_unit_test (
`Id` int(11) NOT NULL auto_increment, 
`Title` varchar(255) NOT NULL default '', 
PRIMARY KEY  (`Id`)) 
ENGINE=MyISAM  DEFAULT CHARSET=cp1251 AUTO_INCREMENT=1" [] []
[2012-10-02 14:31:08] Codeception\TestCase\Cest::queryCreateTable.INFO: see method not returns "UfoDb","query",false,["CREATE TABLE IF NOT EXISTS 
codeception_unit_test (
`Id` int(11) NOT NULL auto_increment, 
`Title` varchar(255) NOT NULL default '', 
PRIMARY KEY  (`Id`)) 
ENGINE=MyISAM  DEFAULT CHARSET=cp1251 AUTO_INCREMENT=1" [] []
[2012-10-02 14:31:09] Codeception\TestCase\Cest::queryCreateTable.INFO: PASSED [] []
[2012-10-02 14:31:10] Codeception\TestCase\Cest::querySelectCorrect.INFO: execute method "UfoDb","query","SELECT * FROM codeception_unit_test" [] []
[2012-10-02 14:31:10] Codeception\TestCase\Cest::querySelectCorrect.INFO: see method not returns "UfoDb","query",false,["SELECT * FROM codeception_unit_test" [] []
[2012-10-02 14:31:10] Codeception\TestCase\Cest::querySelectCorrect.INFO: PASSED [] []
[2012-10-02 14:31:11] Codeception\TestCase\Cest::querySelectIncorrect.INFO: execute method "UfoDb","query","SELECT * FROM skdubfub" [] []
[2012-10-02 14:31:11] Codeception\TestCase\Cest::querySelectIncorrect.INFO: see method returns "UfoDb","query",false,["SELECT * FROM skdubfub" [] []
[2012-10-02 14:31:11] Codeception\TestCase\Cest::querySelectIncorrect.INFO: PASSED [] []
[2012-10-02 14:31:11] Codeception\TestCase\Cest::getItems.INFO: test method "UfoImportCbr.getItems" [] []
[2012-10-02 14:31:11] Codeception\TestCase\Cest::getItems.INFO: execute method "UfoImportCbr","getItems" [] []
[2012-10-02 14:31:12] Codeception\TestCase\Cest::getItems.INFO: see method not returns "UfoImportCbr","getItems",false [] []
[2012-10-02 14:31:12] Codeception\TestCase\Cest::getItems.INFO: PASSED [] []
[2012-10-02 14:31:12] Codeception\TestCase\Cest::getItems.INFO: test method "UfoImportGismeteo.getItems" [] []
[2012-10-02 14:31:12] Codeception\TestCase\Cest::getItems.INFO: execute method "UfoImportGismeteo","getItems" [] []
[2012-10-02 14:31:12] Codeception\TestCase\Cest::getItems.INFO: see method not returns "UfoImportGismeteo","getItems",false [] []
[2012-10-02 14:31:12] Codeception\TestCase\Cest::getItems.INFO: PASSED [] []
[2012-10-02 14:31:12] Codeception\TestCase\Cest::getItems.INFO: test method "UfoImportRss.getItems" [] []
[2012-10-02 14:31:12] Codeception\TestCase\Cest::getItems.INFO: execute method "UfoImportRss","getItems" [] []
[2012-10-02 14:31:12] Codeception\TestCase\Cest::getItems.INFO: see method not returns "UfoImportRss","getItems",false [] []
[2012-10-02 14:31:12] Codeception\TestCase\Cest::getItems.INFO: PASSED [] []
